CRITICAL - 2024-12-03 00:47:19 --> ErrorException: Undefined variable $usuarioRol
[Method: GET, Route: usuario]
in APPPATH\Views\plantillas\navbar.php on line 39.
 1 APPPATH\Views\plantillas\navbar.php(39): CodeIgniter\Debug\Exceptions->errorHandler(2, 'Undefined variable $usuarioRol', 'C:\\xampp\\htdocs\\proyecto_gonzalez_ariel\\app\\Views\\plantillas\\navbar.php', 39)
 2 SYSTEMPATH\View\View.php(234): include('C:\\xampp\\htdocs\\proyecto_gonzalez_ariel\\app\\Views\\plantillas\\navbar.php')
 3 SYSTEMPATH\View\View.php(237): CodeIgniter\View\View->CodeIgniter\View\{closure}()
 4 SYSTEMPATH\Common.php(1171): CodeIgniter\View\View->render('plantillas/navbar', [], true)
 5 APPPATH\Controllers\Home.php(63): view('plantillas/navbar')
 6 SYSTEMPATH\CodeIgniter.php(933): App\Controllers\Home->usuario()
 7 SYSTEMPATH\CodeIgniter.php(509): CodeIgniter\CodeIgniter->runController(Object(App\Controllers\Home))
 8 SYSTEMPATH\CodeIgniter.php(355): CodeIgniter\CodeIgniter->handleRequest(null, Object(Config\Cache), false)
 9 SYSTEMPATH\Boot.php(325): CodeIgniter\CodeIgniter->run()
10 SYSTEMPATH\Boot.php(67): CodeIgniter\Boot::runCodeIgniter(Object(CodeIgniter\CodeIgniter))
11 FCPATH\index.php(56): CodeIgniter\Boot::bootWeb(Object(Config\Paths))
CRITICAL - 2024-12-03 00:47:30 --> ErrorException: Undefined variable $usuarioRol
[Method: GET, Route: /]
in APPPATH\Views\plantillas\navbar.php on line 39.
 1 APPPATH\Views\plantillas\navbar.php(39): CodeIgniter\Debug\Exceptions->errorHandler(2, 'Undefined variable $usuarioRol', 'C:\\xampp\\htdocs\\proyecto_gonzalez_ariel\\app\\Views\\plantillas\\navbar.php', 39)
 2 SYSTEMPATH\View\View.php(234): include('C:\\xampp\\htdocs\\proyecto_gonzalez_ariel\\app\\Views\\plantillas\\navbar.php')
 3 SYSTEMPATH\View\View.php(237): CodeIgniter\View\View->CodeIgniter\View\{closure}()
 4 SYSTEMPATH\Common.php(1171): CodeIgniter\View\View->render('plantillas/navbar', [], true)
 5 APPPATH\Controllers\Home.php(15): view('plantillas/navbar')
 6 SYSTEMPATH\CodeIgniter.php(933): App\Controllers\Home->index()
 7 SYSTEMPATH\CodeIgniter.php(509): CodeIgniter\CodeIgniter->runController(Object(App\Controllers\Home))
 8 SYSTEMPATH\CodeIgniter.php(355): CodeIgniter\CodeIgniter->handleRequest(null, Object(Config\Cache), false)
 9 SYSTEMPATH\Boot.php(325): CodeIgniter\CodeIgniter->run()
10 SYSTEMPATH\Boot.php(67): CodeIgniter\Boot::runCodeIgniter(Object(CodeIgniter\CodeIgniter))
11 FCPATH\index.php(56): CodeIgniter\Boot::bootWeb(Object(Config\Paths))
CRITICAL - 2024-12-03 00:49:29 --> ErrorException: Undefined variable $usuarioRol
[Method: GET, Route: /]
in APPPATH\Views\plantillas\navbar.php on line 39.
 1 APPPATH\Views\plantillas\navbar.php(39): CodeIgniter\Debug\Exceptions->errorHandler(2, 'Undefined variable $usuarioRol', 'C:\\xampp\\htdocs\\proyecto_gonzalez_ariel\\app\\Views\\plantillas\\navbar.php', 39)
 2 SYSTEMPATH\View\View.php(234): include('C:\\xampp\\htdocs\\proyecto_gonzalez_ariel\\app\\Views\\plantillas\\navbar.php')
 3 SYSTEMPATH\View\View.php(237): CodeIgniter\View\View->CodeIgniter\View\{closure}()
 4 SYSTEMPATH\Common.php(1171): CodeIgniter\View\View->render('plantillas/navbar', [], true)
 5 APPPATH\Controllers\Home.php(15): view('plantillas/navbar')
 6 SYSTEMPATH\CodeIgniter.php(933): App\Controllers\Home->index()
 7 SYSTEMPATH\CodeIgniter.php(509): CodeIgniter\CodeIgniter->runController(Object(App\Controllers\Home))
 8 SYSTEMPATH\CodeIgniter.php(355): CodeIgniter\CodeIgniter->handleRequest(null, Object(Config\Cache), false)
 9 SYSTEMPATH\Boot.php(325): CodeIgniter\CodeIgniter->run()
10 SYSTEMPATH\Boot.php(67): CodeIgniter\Boot::runCodeIgniter(Object(CodeIgniter\CodeIgniter))
11 FCPATH\index.php(56): CodeIgniter\Boot::bootWeb(Object(Config\Paths))
CRITICAL - 2024-12-03 03:00:57 --> ErrorException: ini_set(): Session ini settings cannot be changed when a session is active
[Method: GET, Route: /]
in SYSTEMPATH\Session\Handlers\FileHandler.php on line 74.
 1 [internal function]: CodeIgniter\Debug\Exceptions->errorHandler(2, 'ini_set(): Session ini settings cannot be changed when a session is active', 'C:\\xampp\\htdocs\\proyecto_gonzalez_ariel\\system\\Session\\Handlers\\FileHandler.php', 74)
 2 SYSTEMPATH\Session\Handlers\FileHandler.php(74): ini_set('session.save_path', 'C:\\xampp\\htdocs\\proyecto_gonzalez_ariel\\writable\\session')
 3 SYSTEMPATH\Config\Services.php(697): CodeIgniter\Session\Handlers\FileHandler->__construct(Object(Config\Session), '::1')
 4 SYSTEMPATH\Config\BaseService.php(312): CodeIgniter\Config\Services::session(Object(Config\Session), false)
 5 SYSTEMPATH\Config\BaseService.php(251): CodeIgniter\Config\BaseService::__callStatic('session', [...])
 6 SYSTEMPATH\Config\Services.php(668): CodeIgniter\Config\BaseService::getSharedInstance('session', null)
 7 SYSTEMPATH\Config\BaseService.php(321): CodeIgniter\Config\Services::session()
 8 SYSTEMPATH\Config\BaseService.php(202): CodeIgniter\Config\BaseService::__callStatic('session', [])
 9 SYSTEMPATH\Common.php(998): CodeIgniter\Config\BaseService::get('session')
10 SYSTEMPATH\Common.php(971): service('session')
11 SYSTEMPATH\CodeIgniter.php(1062): session()
12 SYSTEMPATH\CodeIgniter.php(542): CodeIgniter\CodeIgniter->storePreviousURL(Object(CodeIgniter\HTTP\SiteURI))
13 SYSTEMPATH\CodeIgniter.php(355): CodeIgniter\CodeIgniter->handleRequest(null, Object(Config\Cache), false)
14 SYSTEMPATH\Boot.php(325): CodeIgniter\CodeIgniter->run()
15 SYSTEMPATH\Boot.php(67): CodeIgniter\Boot::runCodeIgniter(Object(CodeIgniter\CodeIgniter))
16 FCPATH\index.php(56): CodeIgniter\Boot::bootWeb(Object(Config\Paths))
CRITICAL - 2024-12-03 03:02:30 --> ErrorException: ini_set(): Session ini settings cannot be changed when a session is active
[Method: GET, Route: /]
in SYSTEMPATH\Session\Handlers\FileHandler.php on line 74.
 1 [internal function]: CodeIgniter\Debug\Exceptions->errorHandler(2, 'ini_set(): Session ini settings cannot be changed when a session is active', 'C:\\xampp\\htdocs\\proyecto_gonzalez_ariel\\system\\Session\\Handlers\\FileHandler.php', 74)
 2 SYSTEMPATH\Session\Handlers\FileHandler.php(74): ini_set('session.save_path', 'C:\\xampp\\htdocs\\proyecto_gonzalez_ariel\\writable\\session')
 3 SYSTEMPATH\Config\Services.php(697): CodeIgniter\Session\Handlers\FileHandler->__construct(Object(Config\Session), '::1')
 4 SYSTEMPATH\Config\BaseService.php(312): CodeIgniter\Config\Services::session(Object(Config\Session), false)
 5 SYSTEMPATH\Config\BaseService.php(251): CodeIgniter\Config\BaseService::__callStatic('session', [...])
 6 SYSTEMPATH\Config\Services.php(668): CodeIgniter\Config\BaseService::getSharedInstance('session', null)
 7 SYSTEMPATH\Config\BaseService.php(321): CodeIgniter\Config\Services::session()
 8 SYSTEMPATH\Config\BaseService.php(202): CodeIgniter\Config\BaseService::__callStatic('session', [])
 9 SYSTEMPATH\Common.php(998): CodeIgniter\Config\BaseService::get('session')
10 SYSTEMPATH\Common.php(971): service('session')
11 SYSTEMPATH\CodeIgniter.php(1062): session()
12 SYSTEMPATH\CodeIgniter.php(542): CodeIgniter\CodeIgniter->storePreviousURL(Object(CodeIgniter\HTTP\SiteURI))
13 SYSTEMPATH\CodeIgniter.php(355): CodeIgniter\CodeIgniter->handleRequest(null, Object(Config\Cache), false)
14 SYSTEMPATH\Boot.php(325): CodeIgniter\CodeIgniter->run()
15 SYSTEMPATH\Boot.php(67): CodeIgniter\Boot::runCodeIgniter(Object(CodeIgniter\CodeIgniter))
16 FCPATH\index.php(56): CodeIgniter\Boot::bootWeb(Object(Config\Paths))
CRITICAL - 2024-12-03 03:18:11 --> ErrorException: ini_set(): Session ini settings cannot be changed when a session is active
[Method: GET, Route: /]
in SYSTEMPATH\Session\Handlers\FileHandler.php on line 74.
 1 [internal function]: CodeIgniter\Debug\Exceptions->errorHandler(2, 'ini_set(): Session ini settings cannot be changed when a session is active', 'C:\\xampp\\htdocs\\proyecto_gonzalez_ariel\\system\\Session\\Handlers\\FileHandler.php', 74)
 2 SYSTEMPATH\Session\Handlers\FileHandler.php(74): ini_set('session.save_path', 'C:\\xampp\\htdocs\\proyecto_gonzalez_ariel\\writable\\session')
 3 SYSTEMPATH\Config\Services.php(697): CodeIgniter\Session\Handlers\FileHandler->__construct(Object(Config\Session), '::1')
 4 SYSTEMPATH\Config\BaseService.php(312): CodeIgniter\Config\Services::session(Object(Config\Session), false)
 5 SYSTEMPATH\Config\BaseService.php(251): CodeIgniter\Config\BaseService::__callStatic('session', [...])
 6 SYSTEMPATH\Config\Services.php(668): CodeIgniter\Config\BaseService::getSharedInstance('session', null)
 7 SYSTEMPATH\Config\BaseService.php(321): CodeIgniter\Config\Services::session()
 8 SYSTEMPATH\Config\BaseService.php(202): CodeIgniter\Config\BaseService::__callStatic('session', [])
 9 SYSTEMPATH\Common.php(998): CodeIgniter\Config\BaseService::get('session')
10 SYSTEMPATH\Common.php(971): service('session')
11 SYSTEMPATH\CodeIgniter.php(1062): session()
12 SYSTEMPATH\CodeIgniter.php(542): CodeIgniter\CodeIgniter->storePreviousURL(Object(CodeIgniter\HTTP\SiteURI))
13 SYSTEMPATH\CodeIgniter.php(355): CodeIgniter\CodeIgniter->handleRequest(null, Object(Config\Cache), false)
14 SYSTEMPATH\Boot.php(325): CodeIgniter\CodeIgniter->run()
15 SYSTEMPATH\Boot.php(67): CodeIgniter\Boot::runCodeIgniter(Object(CodeIgniter\CodeIgniter))
16 FCPATH\index.php(56): CodeIgniter\Boot::bootWeb(Object(Config\Paths))
CRITICAL - 2024-12-03 03:27:14 --> ErrorException: ini_set(): Session ini settings cannot be changed when a session is active
[Method: GET, Route: iniciarSesion]
in SYSTEMPATH\Session\Handlers\FileHandler.php on line 74.
 1 [internal function]: CodeIgniter\Debug\Exceptions->errorHandler(2, 'ini_set(): Session ini settings cannot be changed when a session is active', 'C:\\xampp\\htdocs\\proyecto_gonzalez_ariel\\system\\Session\\Handlers\\FileHandler.php', 74)
 2 SYSTEMPATH\Session\Handlers\FileHandler.php(74): ini_set('session.save_path', 'C:\\xampp\\htdocs\\proyecto_gonzalez_ariel\\writable\\session')
 3 SYSTEMPATH\Config\Services.php(697): CodeIgniter\Session\Handlers\FileHandler->__construct(Object(Config\Session), '::1')
 4 SYSTEMPATH\Config\BaseService.php(312): CodeIgniter\Config\Services::session(Object(Config\Session), false)
 5 SYSTEMPATH\Config\BaseService.php(251): CodeIgniter\Config\BaseService::__callStatic('session', [...])
 6 SYSTEMPATH\Config\Services.php(668): CodeIgniter\Config\BaseService::getSharedInstance('session', null)
 7 SYSTEMPATH\Config\BaseService.php(321): CodeIgniter\Config\Services::session()
 8 SYSTEMPATH\Config\BaseService.php(202): CodeIgniter\Config\BaseService::__callStatic('session', [])
 9 SYSTEMPATH\Common.php(998): CodeIgniter\Config\BaseService::get('session')
10 SYSTEMPATH\Common.php(971): service('session')
11 SYSTEMPATH\CodeIgniter.php(1062): session()
12 SYSTEMPATH\CodeIgniter.php(542): CodeIgniter\CodeIgniter->storePreviousURL(Object(CodeIgniter\HTTP\SiteURI))
13 SYSTEMPATH\CodeIgniter.php(355): CodeIgniter\CodeIgniter->handleRequest(null, Object(Config\Cache), false)
14 SYSTEMPATH\Boot.php(325): CodeIgniter\CodeIgniter->run()
15 SYSTEMPATH\Boot.php(67): CodeIgniter\Boot::runCodeIgniter(Object(CodeIgniter\CodeIgniter))
16 FCPATH\index.php(56): CodeIgniter\Boot::bootWeb(Object(Config\Paths))
CRITICAL - 2024-12-03 03:27:17 --> ErrorException: ini_set(): Session ini settings cannot be changed when a session is active
[Method: GET, Route: /]
in SYSTEMPATH\Session\Handlers\FileHandler.php on line 74.
 1 [internal function]: CodeIgniter\Debug\Exceptions->errorHandler(2, 'ini_set(): Session ini settings cannot be changed when a session is active', 'C:\\xampp\\htdocs\\proyecto_gonzalez_ariel\\system\\Session\\Handlers\\FileHandler.php', 74)
 2 SYSTEMPATH\Session\Handlers\FileHandler.php(74): ini_set('session.save_path', 'C:\\xampp\\htdocs\\proyecto_gonzalez_ariel\\writable\\session')
 3 SYSTEMPATH\Config\Services.php(697): CodeIgniter\Session\Handlers\FileHandler->__construct(Object(Config\Session), '::1')
 4 SYSTEMPATH\Config\BaseService.php(312): CodeIgniter\Config\Services::session(Object(Config\Session), false)
 5 SYSTEMPATH\Config\BaseService.php(251): CodeIgniter\Config\BaseService::__callStatic('session', [...])
 6 SYSTEMPATH\Config\Services.php(668): CodeIgniter\Config\BaseService::getSharedInstance('session', null)
 7 SYSTEMPATH\Config\BaseService.php(321): CodeIgniter\Config\Services::session()
 8 SYSTEMPATH\Config\BaseService.php(202): CodeIgniter\Config\BaseService::__callStatic('session', [])
 9 SYSTEMPATH\Common.php(998): CodeIgniter\Config\BaseService::get('session')
10 SYSTEMPATH\Common.php(971): service('session')
11 SYSTEMPATH\CodeIgniter.php(1062): session()
12 SYSTEMPATH\CodeIgniter.php(542): CodeIgniter\CodeIgniter->storePreviousURL(Object(CodeIgniter\HTTP\SiteURI))
13 SYSTEMPATH\CodeIgniter.php(355): CodeIgniter\CodeIgniter->handleRequest(null, Object(Config\Cache), false)
14 SYSTEMPATH\Boot.php(325): CodeIgniter\CodeIgniter->run()
15 SYSTEMPATH\Boot.php(67): CodeIgniter\Boot::runCodeIgniter(Object(CodeIgniter\CodeIgniter))
16 FCPATH\index.php(56): CodeIgniter\Boot::bootWeb(Object(Config\Paths))
CRITICAL - 2024-12-03 03:27:24 --> ErrorException: ini_set(): Session ini settings cannot be changed when a session is active
[Method: GET, Route: iniciarSesion]
in SYSTEMPATH\Session\Handlers\FileHandler.php on line 74.
 1 [internal function]: CodeIgniter\Debug\Exceptions->errorHandler(2, 'ini_set(): Session ini settings cannot be changed when a session is active', 'C:\\xampp\\htdocs\\proyecto_gonzalez_ariel\\system\\Session\\Handlers\\FileHandler.php', 74)
 2 SYSTEMPATH\Session\Handlers\FileHandler.php(74): ini_set('session.save_path', 'C:\\xampp\\htdocs\\proyecto_gonzalez_ariel\\writable\\session')
 3 SYSTEMPATH\Config\Services.php(697): CodeIgniter\Session\Handlers\FileHandler->__construct(Object(Config\Session), '::1')
 4 SYSTEMPATH\Config\BaseService.php(312): CodeIgniter\Config\Services::session(Object(Config\Session), false)
 5 SYSTEMPATH\Config\BaseService.php(251): CodeIgniter\Config\BaseService::__callStatic('session', [...])
 6 SYSTEMPATH\Config\Services.php(668): CodeIgniter\Config\BaseService::getSharedInstance('session', null)
 7 SYSTEMPATH\Config\BaseService.php(321): CodeIgniter\Config\Services::session()
 8 SYSTEMPATH\Config\BaseService.php(202): CodeIgniter\Config\BaseService::__callStatic('session', [])
 9 SYSTEMPATH\Common.php(998): CodeIgniter\Config\BaseService::get('session')
10 SYSTEMPATH\Common.php(971): service('session')
11 SYSTEMPATH\CodeIgniter.php(1062): session()
12 SYSTEMPATH\CodeIgniter.php(542): CodeIgniter\CodeIgniter->storePreviousURL(Object(CodeIgniter\HTTP\SiteURI))
13 SYSTEMPATH\CodeIgniter.php(355): CodeIgniter\CodeIgniter->handleRequest(null, Object(Config\Cache), false)
14 SYSTEMPATH\Boot.php(325): CodeIgniter\CodeIgniter->run()
15 SYSTEMPATH\Boot.php(67): CodeIgniter\Boot::runCodeIgniter(Object(CodeIgniter\CodeIgniter))
16 FCPATH\index.php(56): CodeIgniter\Boot::bootWeb(Object(Config\Paths))
CRITICAL - 2024-12-03 03:27:30 --> ErrorException: ini_set(): Session ini settings cannot be changed when a session is active
[Method: GET, Route: /]
in SYSTEMPATH\Session\Handlers\FileHandler.php on line 74.
 1 [internal function]: CodeIgniter\Debug\Exceptions->errorHandler(2, 'ini_set(): Session ini settings cannot be changed when a session is active', 'C:\\xampp\\htdocs\\proyecto_gonzalez_ariel\\system\\Session\\Handlers\\FileHandler.php', 74)
 2 SYSTEMPATH\Session\Handlers\FileHandler.php(74): ini_set('session.save_path', 'C:\\xampp\\htdocs\\proyecto_gonzalez_ariel\\writable\\session')
 3 SYSTEMPATH\Config\Services.php(697): CodeIgniter\Session\Handlers\FileHandler->__construct(Object(Config\Session), '::1')
 4 SYSTEMPATH\Config\BaseService.php(312): CodeIgniter\Config\Services::session(Object(Config\Session), false)
 5 SYSTEMPATH\Config\BaseService.php(251): CodeIgniter\Config\BaseService::__callStatic('session', [...])
 6 SYSTEMPATH\Config\Services.php(668): CodeIgniter\Config\BaseService::getSharedInstance('session', null)
 7 SYSTEMPATH\Config\BaseService.php(321): CodeIgniter\Config\Services::session()
 8 SYSTEMPATH\Config\BaseService.php(202): CodeIgniter\Config\BaseService::__callStatic('session', [])
 9 SYSTEMPATH\Common.php(998): CodeIgniter\Config\BaseService::get('session')
10 SYSTEMPATH\Common.php(971): service('session')
11 SYSTEMPATH\CodeIgniter.php(1062): session()
12 SYSTEMPATH\CodeIgniter.php(542): CodeIgniter\CodeIgniter->storePreviousURL(Object(CodeIgniter\HTTP\SiteURI))
13 SYSTEMPATH\CodeIgniter.php(355): CodeIgniter\CodeIgniter->handleRequest(null, Object(Config\Cache), false)
14 SYSTEMPATH\Boot.php(325): CodeIgniter\CodeIgniter->run()
15 SYSTEMPATH\Boot.php(67): CodeIgniter\Boot::runCodeIgniter(Object(CodeIgniter\CodeIgniter))
16 FCPATH\index.php(56): CodeIgniter\Boot::bootWeb(Object(Config\Paths))
CRITICAL - 2024-12-03 03:31:31 --> ErrorException: ini_set(): Session ini settings cannot be changed when a session is active
[Method: GET, Route: /]
in SYSTEMPATH\Session\Handlers\FileHandler.php on line 74.
 1 [internal function]: CodeIgniter\Debug\Exceptions->errorHandler(2, 'ini_set(): Session ini settings cannot be changed when a session is active', 'C:\\xampp\\htdocs\\proyecto_gonzalez_ariel\\system\\Session\\Handlers\\FileHandler.php', 74)
 2 SYSTEMPATH\Session\Handlers\FileHandler.php(74): ini_set('session.save_path', 'C:\\xampp\\htdocs\\proyecto_gonzalez_ariel\\writable\\session')
 3 SYSTEMPATH\Config\Services.php(697): CodeIgniter\Session\Handlers\FileHandler->__construct(Object(Config\Session), '::1')
 4 SYSTEMPATH\Config\BaseService.php(312): CodeIgniter\Config\Services::session(Object(Config\Session), false)
 5 SYSTEMPATH\Config\BaseService.php(251): CodeIgniter\Config\BaseService::__callStatic('session', [...])
 6 SYSTEMPATH\Config\Services.php(668): CodeIgniter\Config\BaseService::getSharedInstance('session', null)
 7 SYSTEMPATH\Config\BaseService.php(321): CodeIgniter\Config\Services::session()
 8 SYSTEMPATH\Config\BaseService.php(202): CodeIgniter\Config\BaseService::__callStatic('session', [])
 9 SYSTEMPATH\Common.php(998): CodeIgniter\Config\BaseService::get('session')
10 SYSTEMPATH\Common.php(971): service('session')
11 SYSTEMPATH\CodeIgniter.php(1062): session()
12 SYSTEMPATH\CodeIgniter.php(542): CodeIgniter\CodeIgniter->storePreviousURL(Object(CodeIgniter\HTTP\SiteURI))
13 SYSTEMPATH\CodeIgniter.php(355): CodeIgniter\CodeIgniter->handleRequest(null, Object(Config\Cache), false)
14 SYSTEMPATH\Boot.php(325): CodeIgniter\CodeIgniter->run()
15 SYSTEMPATH\Boot.php(67): CodeIgniter\Boot::runCodeIgniter(Object(CodeIgniter\CodeIgniter))
16 FCPATH\index.php(56): CodeIgniter\Boot::bootWeb(Object(Config\Paths))
CRITICAL - 2024-12-03 03:32:27 --> ErrorException: Undefined variable $usuarioRol
[Method: GET, Route: /]
in APPPATH\Views\plantillas\navbar.php on line 39.
 1 APPPATH\Views\plantillas\navbar.php(39): CodeIgniter\Debug\Exceptions->errorHandler(2, 'Undefined variable $usuarioRol', 'C:\\xampp\\htdocs\\proyecto_gonzalez_ariel\\app\\Views\\plantillas\\navbar.php', 39)
 2 SYSTEMPATH\View\View.php(234): include('C:\\xampp\\htdocs\\proyecto_gonzalez_ariel\\app\\Views\\plantillas\\navbar.php')
 3 SYSTEMPATH\View\View.php(237): CodeIgniter\View\View->CodeIgniter\View\{closure}()
 4 SYSTEMPATH\Common.php(1171): CodeIgniter\View\View->render('plantillas/navbar', [], true)
 5 APPPATH\Controllers\Home.php(15): view('plantillas/navbar')
 6 SYSTEMPATH\CodeIgniter.php(933): App\Controllers\Home->index()
 7 SYSTEMPATH\CodeIgniter.php(509): CodeIgniter\CodeIgniter->runController(Object(App\Controllers\Home))
 8 SYSTEMPATH\CodeIgniter.php(355): CodeIgniter\CodeIgniter->handleRequest(null, Object(Config\Cache), false)
 9 SYSTEMPATH\Boot.php(325): CodeIgniter\CodeIgniter->run()
10 SYSTEMPATH\Boot.php(67): CodeIgniter\Boot::runCodeIgniter(Object(CodeIgniter\CodeIgniter))
11 FCPATH\index.php(56): CodeIgniter\Boot::bootWeb(Object(Config\Paths))
CRITICAL - 2024-12-03 03:32:30 --> ErrorException: Undefined variable $usuarioRol
[Method: GET, Route: /]
in APPPATH\Views\plantillas\navbar.php on line 39.
 1 APPPATH\Views\plantillas\navbar.php(39): CodeIgniter\Debug\Exceptions->errorHandler(2, 'Undefined variable $usuarioRol', 'C:\\xampp\\htdocs\\proyecto_gonzalez_ariel\\app\\Views\\plantillas\\navbar.php', 39)
 2 SYSTEMPATH\View\View.php(234): include('C:\\xampp\\htdocs\\proyecto_gonzalez_ariel\\app\\Views\\plantillas\\navbar.php')
 3 SYSTEMPATH\View\View.php(237): CodeIgniter\View\View->CodeIgniter\View\{closure}()
 4 SYSTEMPATH\Common.php(1171): CodeIgniter\View\View->render('plantillas/navbar', [], true)
 5 APPPATH\Controllers\Home.php(15): view('plantillas/navbar')
 6 SYSTEMPATH\CodeIgniter.php(933): App\Controllers\Home->index()
 7 SYSTEMPATH\CodeIgniter.php(509): CodeIgniter\CodeIgniter->runController(Object(App\Controllers\Home))
 8 SYSTEMPATH\CodeIgniter.php(355): CodeIgniter\CodeIgniter->handleRequest(null, Object(Config\Cache), false)
 9 SYSTEMPATH\Boot.php(325): CodeIgniter\CodeIgniter->run()
10 SYSTEMPATH\Boot.php(67): CodeIgniter\Boot::runCodeIgniter(Object(CodeIgniter\CodeIgniter))
11 FCPATH\index.php(56): CodeIgniter\Boot::bootWeb(Object(Config\Paths))
CRITICAL - 2024-12-03 03:40:02 --> ErrorException: include(config.php): Failed to open stream: No such file or directory
[Method: GET, Route: /]
in APPPATH\Views\plantillas\navbar.php on line 3.
 1 APPPATH\Views\plantillas\navbar.php(3): CodeIgniter\Debug\Exceptions->errorHandler(2, 'include(config.php): Failed to open stream: No such file or directory', 'C:\\xampp\\htdocs\\proyecto_gonzalez_ariel\\app\\Views\\plantillas\\navbar.php', 3)
 2 APPPATH\Views\plantillas\navbar.php(3): include()
 3 SYSTEMPATH\View\View.php(234): include('C:\\xampp\\htdocs\\proyecto_gonzalez_ariel\\app\\Views\\plantillas\\navbar.php')
 4 SYSTEMPATH\View\View.php(237): CodeIgniter\View\View->CodeIgniter\View\{closure}()
 5 SYSTEMPATH\Common.php(1171): CodeIgniter\View\View->render('plantillas/navbar', [], true)
 6 APPPATH\Controllers\Home.php(15): view('plantillas/navbar')
 7 SYSTEMPATH\CodeIgniter.php(933): App\Controllers\Home->index()
 8 SYSTEMPATH\CodeIgniter.php(509): CodeIgniter\CodeIgniter->runController(Object(App\Controllers\Home))
 9 SYSTEMPATH\CodeIgniter.php(355): CodeIgniter\CodeIgniter->handleRequest(null, Object(Config\Cache), false)
10 SYSTEMPATH\Boot.php(325): CodeIgniter\CodeIgniter->run()
11 SYSTEMPATH\Boot.php(67): CodeIgniter\Boot::runCodeIgniter(Object(CodeIgniter\CodeIgniter))
12 FCPATH\index.php(56): CodeIgniter\Boot::bootWeb(Object(Config\Paths))
CRITICAL - 2024-12-03 17:35:31 --> ErrorException: include(sesionBaseDatos.php): Failed to open stream: No such file or directory
[Method: GET, Route: /]
in APPPATH\Views\plantillas\navbar.php on line 3.
 1 APPPATH\Views\plantillas\navbar.php(3): CodeIgniter\Debug\Exceptions->errorHandler(2, 'include(sesionBaseDatos.php): Failed to open stream: No such file or directory', 'C:\\xampp\\htdocs\\proyecto_gonzalez_ariel\\app\\Views\\plantillas\\navbar.php', 3)
 2 APPPATH\Views\plantillas\navbar.php(3): include()
 3 SYSTEMPATH\View\View.php(234): include('C:\\xampp\\htdocs\\proyecto_gonzalez_ariel\\app\\Views\\plantillas\\navbar.php')
 4 SYSTEMPATH\View\View.php(237): CodeIgniter\View\View->CodeIgniter\View\{closure}()
 5 SYSTEMPATH\Common.php(1171): CodeIgniter\View\View->render('plantillas/navbar', [], true)
 6 APPPATH\Controllers\Home.php(15): view('plantillas/navbar')
 7 SYSTEMPATH\CodeIgniter.php(933): App\Controllers\Home->index()
 8 SYSTEMPATH\CodeIgniter.php(509): CodeIgniter\CodeIgniter->runController(Object(App\Controllers\Home))
 9 SYSTEMPATH\CodeIgniter.php(355): CodeIgniter\CodeIgniter->handleRequest(null, Object(Config\Cache), false)
10 SYSTEMPATH\Boot.php(325): CodeIgniter\CodeIgniter->run()
11 SYSTEMPATH\Boot.php(67): CodeIgniter\Boot::runCodeIgniter(Object(CodeIgniter\CodeIgniter))
12 FCPATH\index.php(56): CodeIgniter\Boot::bootWeb(Object(Config\Paths))
CRITICAL - 2024-12-03 17:56:50 --> ErrorException: include(sesionBaseDatos.php): Failed to open stream: No such file or directory
[Method: GET, Route: /]
in APPPATH\Views\plantillas\navbar.php on line 3.
 1 APPPATH\Views\plantillas\navbar.php(3): CodeIgniter\Debug\Exceptions->errorHandler(2, 'include(sesionBaseDatos.php): Failed to open stream: No such file or directory', 'C:\\xampp\\htdocs\\proyecto_gonzalez_ariel\\app\\Views\\plantillas\\navbar.php', 3)
 2 APPPATH\Views\plantillas\navbar.php(3): include()
 3 SYSTEMPATH\View\View.php(234): include('C:\\xampp\\htdocs\\proyecto_gonzalez_ariel\\app\\Views\\plantillas\\navbar.php')
 4 SYSTEMPATH\View\View.php(237): CodeIgniter\View\View->CodeIgniter\View\{closure}()
 5 SYSTEMPATH\Common.php(1171): CodeIgniter\View\View->render('plantillas/navbar', [], true)
 6 APPPATH\Controllers\Home.php(15): view('plantillas/navbar')
 7 SYSTEMPATH\CodeIgniter.php(933): App\Controllers\Home->index()
 8 SYSTEMPATH\CodeIgniter.php(509): CodeIgniter\CodeIgniter->runController(Object(App\Controllers\Home))
 9 SYSTEMPATH\CodeIgniter.php(355): CodeIgniter\CodeIgniter->handleRequest(null, Object(Config\Cache), false)
10 SYSTEMPATH\Boot.php(325): CodeIgniter\CodeIgniter->run()
11 SYSTEMPATH\Boot.php(67): CodeIgniter\Boot::runCodeIgniter(Object(CodeIgniter\CodeIgniter))
12 FCPATH\index.php(56): CodeIgniter\Boot::bootWeb(Object(Config\Paths))
CRITICAL - 2024-12-03 17:58:06 --> ErrorException: include(Controllers/sesionBaseDatos.php): Failed to open stream: No such file or directory
[Method: GET, Route: /]
in APPPATH\Views\plantillas\navbar.php on line 3.
 1 APPPATH\Views\plantillas\navbar.php(3): CodeIgniter\Debug\Exceptions->errorHandler(2, 'include(Controllers/sesionBaseDatos.php): Failed to open stream: No such file or directory', 'C:\\xampp\\htdocs\\proyecto_gonzalez_ariel\\app\\Views\\plantillas\\navbar.php', 3)
 2 APPPATH\Views\plantillas\navbar.php(3): include()
 3 SYSTEMPATH\View\View.php(234): include('C:\\xampp\\htdocs\\proyecto_gonzalez_ariel\\app\\Views\\plantillas\\navbar.php')
 4 SYSTEMPATH\View\View.php(237): CodeIgniter\View\View->CodeIgniter\View\{closure}()
 5 SYSTEMPATH\Common.php(1171): CodeIgniter\View\View->render('plantillas/navbar', [], true)
 6 APPPATH\Controllers\Home.php(15): view('plantillas/navbar')
 7 SYSTEMPATH\CodeIgniter.php(933): App\Controllers\Home->index()
 8 SYSTEMPATH\CodeIgniter.php(509): CodeIgniter\CodeIgniter->runController(Object(App\Controllers\Home))
 9 SYSTEMPATH\CodeIgniter.php(355): CodeIgniter\CodeIgniter->handleRequest(null, Object(Config\Cache), false)
10 SYSTEMPATH\Boot.php(325): CodeIgniter\CodeIgniter->run()
11 SYSTEMPATH\Boot.php(67): CodeIgniter\Boot::runCodeIgniter(Object(CodeIgniter\CodeIgniter))
12 FCPATH\index.php(56): CodeIgniter\Boot::bootWeb(Object(Config\Paths))
CRITICAL - 2024-12-03 18:04:34 --> ErrorException: include(sesionBaseDatos): Failed to open stream: No such file or directory
[Method: GET, Route: /]
in APPPATH\Views\plantillas\navbar.php on line 3.
 1 APPPATH\Views\plantillas\navbar.php(3): CodeIgniter\Debug\Exceptions->errorHandler(2, 'include(sesionBaseDatos): Failed to open stream: No such file or directory', 'C:\\xampp\\htdocs\\proyecto_gonzalez_ariel\\app\\Views\\plantillas\\navbar.php', 3)
 2 APPPATH\Views\plantillas\navbar.php(3): include()
 3 SYSTEMPATH\View\View.php(234): include('C:\\xampp\\htdocs\\proyecto_gonzalez_ariel\\app\\Views\\plantillas\\navbar.php')
 4 SYSTEMPATH\View\View.php(237): CodeIgniter\View\View->CodeIgniter\View\{closure}()
 5 SYSTEMPATH\Common.php(1171): CodeIgniter\View\View->render('plantillas/navbar', [], true)
 6 APPPATH\Controllers\Home.php(15): view('plantillas/navbar')
 7 SYSTEMPATH\CodeIgniter.php(933): App\Controllers\Home->index()
 8 SYSTEMPATH\CodeIgniter.php(509): CodeIgniter\CodeIgniter->runController(Object(App\Controllers\Home))
 9 SYSTEMPATH\CodeIgniter.php(355): CodeIgniter\CodeIgniter->handleRequest(null, Object(Config\Cache), false)
10 SYSTEMPATH\Boot.php(325): CodeIgniter\CodeIgniter->run()
11 SYSTEMPATH\Boot.php(67): CodeIgniter\Boot::runCodeIgniter(Object(CodeIgniter\CodeIgniter))
12 FCPATH\index.php(56): CodeIgniter\Boot::bootWeb(Object(Config\Paths))
CRITICAL - 2024-12-03 18:10:30 --> ErrorException: include(../Controllers/sesionBaseDatos): Failed to open stream: No such file or directory
[Method: GET, Route: /]
in APPPATH\Views\plantillas\navbar.php on line 3.
 1 APPPATH\Views\plantillas\navbar.php(3): CodeIgniter\Debug\Exceptions->errorHandler(2, 'include(../Controllers/sesionBaseDatos): Failed to open stream: No such file or directory', 'C:\\xampp\\htdocs\\proyecto_gonzalez_ariel\\app\\Views\\plantillas\\navbar.php', 3)
 2 APPPATH\Views\plantillas\navbar.php(3): include()
 3 SYSTEMPATH\View\View.php(234): include('C:\\xampp\\htdocs\\proyecto_gonzalez_ariel\\app\\Views\\plantillas\\navbar.php')
 4 SYSTEMPATH\View\View.php(237): CodeIgniter\View\View->CodeIgniter\View\{closure}()
 5 SYSTEMPATH\Common.php(1171): CodeIgniter\View\View->render('plantillas/navbar', [], true)
 6 APPPATH\Controllers\Home.php(15): view('plantillas/navbar')
 7 SYSTEMPATH\CodeIgniter.php(933): App\Controllers\Home->index()
 8 SYSTEMPATH\CodeIgniter.php(509): CodeIgniter\CodeIgniter->runController(Object(App\Controllers\Home))
 9 SYSTEMPATH\CodeIgniter.php(355): CodeIgniter\CodeIgniter->handleRequest(null, Object(Config\Cache), false)
10 SYSTEMPATH\Boot.php(325): CodeIgniter\CodeIgniter->run()
11 SYSTEMPATH\Boot.php(67): CodeIgniter\Boot::runCodeIgniter(Object(CodeIgniter\CodeIgniter))
12 FCPATH\index.php(56): CodeIgniter\Boot::bootWeb(Object(Config\Paths))
CRITICAL - 2024-12-03 18:10:50 --> ErrorException: include(../Controllers/sesionBaseDatos.php): Failed to open stream: No such file or directory
[Method: GET, Route: /]
in APPPATH\Views\plantillas\navbar.php on line 3.
 1 APPPATH\Views\plantillas\navbar.php(3): CodeIgniter\Debug\Exceptions->errorHandler(2, 'include(../Controllers/sesionBaseDatos.php): Failed to open stream: No such file or directory', 'C:\\xampp\\htdocs\\proyecto_gonzalez_ariel\\app\\Views\\plantillas\\navbar.php', 3)
 2 APPPATH\Views\plantillas\navbar.php(3): include()
 3 SYSTEMPATH\View\View.php(234): include('C:\\xampp\\htdocs\\proyecto_gonzalez_ariel\\app\\Views\\plantillas\\navbar.php')
 4 SYSTEMPATH\View\View.php(237): CodeIgniter\View\View->CodeIgniter\View\{closure}()
 5 SYSTEMPATH\Common.php(1171): CodeIgniter\View\View->render('plantillas/navbar', [], true)
 6 APPPATH\Controllers\Home.php(15): view('plantillas/navbar')
 7 SYSTEMPATH\CodeIgniter.php(933): App\Controllers\Home->index()
 8 SYSTEMPATH\CodeIgniter.php(509): CodeIgniter\CodeIgniter->runController(Object(App\Controllers\Home))
 9 SYSTEMPATH\CodeIgniter.php(355): CodeIgniter\CodeIgniter->handleRequest(null, Object(Config\Cache), false)
10 SYSTEMPATH\Boot.php(325): CodeIgniter\CodeIgniter->run()
11 SYSTEMPATH\Boot.php(67): CodeIgniter\Boot::runCodeIgniter(Object(CodeIgniter\CodeIgniter))
12 FCPATH\index.php(56): CodeIgniter\Boot::bootWeb(Object(Config\Paths))
CRITICAL - 2024-12-03 18:11:14 --> ErrorException: include(.../Controllers/sesionBaseDatos.php): Failed to open stream: No such file or directory
[Method: GET, Route: /]
in APPPATH\Views\plantillas\navbar.php on line 3.
 1 APPPATH\Views\plantillas\navbar.php(3): CodeIgniter\Debug\Exceptions->errorHandler(2, 'include(.../Controllers/sesionBaseDatos.php): Failed to open stream: No such file or directory', 'C:\\xampp\\htdocs\\proyecto_gonzalez_ariel\\app\\Views\\plantillas\\navbar.php', 3)
 2 APPPATH\Views\plantillas\navbar.php(3): include()
 3 SYSTEMPATH\View\View.php(234): include('C:\\xampp\\htdocs\\proyecto_gonzalez_ariel\\app\\Views\\plantillas\\navbar.php')
 4 SYSTEMPATH\View\View.php(237): CodeIgniter\View\View->CodeIgniter\View\{closure}()
 5 SYSTEMPATH\Common.php(1171): CodeIgniter\View\View->render('plantillas/navbar', [], true)
 6 APPPATH\Controllers\Home.php(15): view('plantillas/navbar')
 7 SYSTEMPATH\CodeIgniter.php(933): App\Controllers\Home->index()
 8 SYSTEMPATH\CodeIgniter.php(509): CodeIgniter\CodeIgniter->runController(Object(App\Controllers\Home))
 9 SYSTEMPATH\CodeIgniter.php(355): CodeIgniter\CodeIgniter->handleRequest(null, Object(Config\Cache), false)
10 SYSTEMPATH\Boot.php(325): CodeIgniter\CodeIgniter->run()
11 SYSTEMPATH\Boot.php(67): CodeIgniter\Boot::runCodeIgniter(Object(CodeIgniter\CodeIgniter))
12 FCPATH\index.php(56): CodeIgniter\Boot::bootWeb(Object(Config\Paths))
CRITICAL - 2024-12-03 18:11:50 --> ErrorException: include(C:/xampp/htdocs/Controllers/sesionBaseDatos.php): Failed to open stream: No such file or directory
[Method: GET, Route: /]
in APPPATH\Views\plantillas\navbar.php on line 3.
 1 APPPATH\Views\plantillas\navbar.php(3): CodeIgniter\Debug\Exceptions->errorHandler(2, 'include(C:/xampp/htdocs/Controllers/sesionBaseDatos.php): Failed to open stream: No such file or directory', 'C:\\xampp\\htdocs\\proyecto_gonzalez_ariel\\app\\Views\\plantillas\\navbar.php', 3)
 2 APPPATH\Views\plantillas\navbar.php(3): include()
 3 SYSTEMPATH\View\View.php(234): include('C:\\xampp\\htdocs\\proyecto_gonzalez_ariel\\app\\Views\\plantillas\\navbar.php')
 4 SYSTEMPATH\View\View.php(237): CodeIgniter\View\View->CodeIgniter\View\{closure}()
 5 SYSTEMPATH\Common.php(1171): CodeIgniter\View\View->render('plantillas/navbar', [], true)
 6 APPPATH\Controllers\Home.php(15): view('plantillas/navbar')
 7 SYSTEMPATH\CodeIgniter.php(933): App\Controllers\Home->index()
 8 SYSTEMPATH\CodeIgniter.php(509): CodeIgniter\CodeIgniter->runController(Object(App\Controllers\Home))
 9 SYSTEMPATH\CodeIgniter.php(355): CodeIgniter\CodeIgniter->handleRequest(null, Object(Config\Cache), false)
10 SYSTEMPATH\Boot.php(325): CodeIgniter\CodeIgniter->run()
11 SYSTEMPATH\Boot.php(67): CodeIgniter\Boot::runCodeIgniter(Object(CodeIgniter\CodeIgniter))
12 FCPATH\index.php(56): CodeIgniter\Boot::bootWeb(Object(Config\Paths))
CRITICAL - 2024-12-03 18:12:57 --> ErrorException: include(sesionBaseDatos.php): Failed to open stream: No such file or directory
[Method: GET, Route: /]
in APPPATH\Views\plantillas\navbar.php on line 3.
 1 APPPATH\Views\plantillas\navbar.php(3): CodeIgniter\Debug\Exceptions->errorHandler(2, 'include(sesionBaseDatos.php): Failed to open stream: No such file or directory', 'C:\\xampp\\htdocs\\proyecto_gonzalez_ariel\\app\\Views\\plantillas\\navbar.php', 3)
 2 APPPATH\Views\plantillas\navbar.php(3): include()
 3 SYSTEMPATH\View\View.php(234): include('C:\\xampp\\htdocs\\proyecto_gonzalez_ariel\\app\\Views\\plantillas\\navbar.php')
 4 SYSTEMPATH\View\View.php(237): CodeIgniter\View\View->CodeIgniter\View\{closure}()
 5 SYSTEMPATH\Common.php(1171): CodeIgniter\View\View->render('plantillas/navbar', [], true)
 6 APPPATH\Controllers\Home.php(15): view('plantillas/navbar')
 7 SYSTEMPATH\CodeIgniter.php(933): App\Controllers\Home->index()
 8 SYSTEMPATH\CodeIgniter.php(509): CodeIgniter\CodeIgniter->runController(Object(App\Controllers\Home))
 9 SYSTEMPATH\CodeIgniter.php(355): CodeIgniter\CodeIgniter->handleRequest(null, Object(Config\Cache), false)
10 SYSTEMPATH\Boot.php(325): CodeIgniter\CodeIgniter->run()
11 SYSTEMPATH\Boot.php(67): CodeIgniter\Boot::runCodeIgniter(Object(CodeIgniter\CodeIgniter))
12 FCPATH\index.php(56): CodeIgniter\Boot::bootWeb(Object(Config\Paths))
CRITICAL - 2024-12-03 18:13:27 --> ErrorException: include(controllers/sesionBaseDatos.php): Failed to open stream: No such file or directory
[Method: GET, Route: /]
in APPPATH\Views\plantillas\navbar.php on line 3.
 1 APPPATH\Views\plantillas\navbar.php(3): CodeIgniter\Debug\Exceptions->errorHandler(2, 'include(controllers/sesionBaseDatos.php): Failed to open stream: No such file or directory', 'C:\\xampp\\htdocs\\proyecto_gonzalez_ariel\\app\\Views\\plantillas\\navbar.php', 3)
 2 APPPATH\Views\plantillas\navbar.php(3): include()
 3 SYSTEMPATH\View\View.php(234): include('C:\\xampp\\htdocs\\proyecto_gonzalez_ariel\\app\\Views\\plantillas\\navbar.php')
 4 SYSTEMPATH\View\View.php(237): CodeIgniter\View\View->CodeIgniter\View\{closure}()
 5 SYSTEMPATH\Common.php(1171): CodeIgniter\View\View->render('plantillas/navbar', [], true)
 6 APPPATH\Controllers\Home.php(15): view('plantillas/navbar')
 7 SYSTEMPATH\CodeIgniter.php(933): App\Controllers\Home->index()
 8 SYSTEMPATH\CodeIgniter.php(509): CodeIgniter\CodeIgniter->runController(Object(App\Controllers\Home))
 9 SYSTEMPATH\CodeIgniter.php(355): CodeIgniter\CodeIgniter->handleRequest(null, Object(Config\Cache), false)
10 SYSTEMPATH\Boot.php(325): CodeIgniter\CodeIgniter->run()
11 SYSTEMPATH\Boot.php(67): CodeIgniter\Boot::runCodeIgniter(Object(CodeIgniter\CodeIgniter))
12 FCPATH\index.php(56): CodeIgniter\Boot::bootWeb(Object(Config\Paths))
CRITICAL - 2024-12-03 18:17:54 --> ErrorException: include(controllers/sesionBaseDatos.php): Failed to open stream: No such file or directory
[Method: GET, Route: /]
in APPPATH\Views\plantillas\navbar.php on line 3.
 1 APPPATH\Views\plantillas\navbar.php(3): CodeIgniter\Debug\Exceptions->errorHandler(2, 'include(controllers/sesionBaseDatos.php): Failed to open stream: No such file or directory', 'C:\\xampp\\htdocs\\proyecto_gonzalez_ariel\\app\\Views\\plantillas\\navbar.php', 3)
 2 APPPATH\Views\plantillas\navbar.php(3): include()
 3 SYSTEMPATH\View\View.php(234): include('C:\\xampp\\htdocs\\proyecto_gonzalez_ariel\\app\\Views\\plantillas\\navbar.php')
 4 SYSTEMPATH\View\View.php(237): CodeIgniter\View\View->CodeIgniter\View\{closure}()
 5 SYSTEMPATH\Common.php(1171): CodeIgniter\View\View->render('plantillas/navbar', [], true)
 6 APPPATH\Controllers\Home.php(15): view('plantillas/navbar')
 7 SYSTEMPATH\CodeIgniter.php(933): App\Controllers\Home->index()
 8 SYSTEMPATH\CodeIgniter.php(509): CodeIgniter\CodeIgniter->runController(Object(App\Controllers\Home))
 9 SYSTEMPATH\CodeIgniter.php(355): CodeIgniter\CodeIgniter->handleRequest(null, Object(Config\Cache), false)
10 SYSTEMPATH\Boot.php(325): CodeIgniter\CodeIgniter->run()
11 SYSTEMPATH\Boot.php(67): CodeIgniter\Boot::runCodeIgniter(Object(CodeIgniter\CodeIgniter))
12 FCPATH\index.php(56): CodeIgniter\Boot::bootWeb(Object(Config\Paths))
CRITICAL - 2024-12-03 18:17:57 --> ErrorException: include(controllers/sesionBaseDatos.php): Failed to open stream: No such file or directory
[Method: GET, Route: /]
in APPPATH\Views\plantillas\navbar.php on line 3.
 1 APPPATH\Views\plantillas\navbar.php(3): CodeIgniter\Debug\Exceptions->errorHandler(2, 'include(controllers/sesionBaseDatos.php): Failed to open stream: No such file or directory', 'C:\\xampp\\htdocs\\proyecto_gonzalez_ariel\\app\\Views\\plantillas\\navbar.php', 3)
 2 APPPATH\Views\plantillas\navbar.php(3): include()
 3 SYSTEMPATH\View\View.php(234): include('C:\\xampp\\htdocs\\proyecto_gonzalez_ariel\\app\\Views\\plantillas\\navbar.php')
 4 SYSTEMPATH\View\View.php(237): CodeIgniter\View\View->CodeIgniter\View\{closure}()
 5 SYSTEMPATH\Common.php(1171): CodeIgniter\View\View->render('plantillas/navbar', [], true)
 6 APPPATH\Controllers\Home.php(15): view('plantillas/navbar')
 7 SYSTEMPATH\CodeIgniter.php(933): App\Controllers\Home->index()
 8 SYSTEMPATH\CodeIgniter.php(509): CodeIgniter\CodeIgniter->runController(Object(App\Controllers\Home))
 9 SYSTEMPATH\CodeIgniter.php(355): CodeIgniter\CodeIgniter->handleRequest(null, Object(Config\Cache), false)
10 SYSTEMPATH\Boot.php(325): CodeIgniter\CodeIgniter->run()
11 SYSTEMPATH\Boot.php(67): CodeIgniter\Boot::runCodeIgniter(Object(CodeIgniter\CodeIgniter))
12 FCPATH\index.php(56): CodeIgniter\Boot::bootWeb(Object(Config\Paths))
CRITICAL - 2024-12-03 18:36:03 --> ErrorException: ini_set(): Session ini settings cannot be changed when a session is active
[Method: GET, Route: iniciarSesion]
in SYSTEMPATH\Session\Handlers\FileHandler.php on line 74.
 1 [internal function]: CodeIgniter\Debug\Exceptions->errorHandler(2, 'ini_set(): Session ini settings cannot be changed when a session is active', 'C:\\xampp\\htdocs\\proyecto_gonzalez_ariel\\system\\Session\\Handlers\\FileHandler.php', 74)
 2 SYSTEMPATH\Session\Handlers\FileHandler.php(74): ini_set('session.save_path', 'C:\\xampp\\htdocs\\proyecto_gonzalez_ariel\\writable\\session')
 3 SYSTEMPATH\Config\Services.php(697): CodeIgniter\Session\Handlers\FileHandler->__construct(Object(Config\Session), '::1')
 4 SYSTEMPATH\Config\BaseService.php(312): CodeIgniter\Config\Services::session(Object(Config\Session), false)
 5 SYSTEMPATH\Config\BaseService.php(251): CodeIgniter\Config\BaseService::__callStatic('session', [...])
 6 SYSTEMPATH\Config\Services.php(668): CodeIgniter\Config\BaseService::getSharedInstance('session', null)
 7 SYSTEMPATH\Config\BaseService.php(321): CodeIgniter\Config\Services::session()
 8 SYSTEMPATH\Config\BaseService.php(202): CodeIgniter\Config\BaseService::__callStatic('session', [])
 9 SYSTEMPATH\Common.php(998): CodeIgniter\Config\BaseService::get('session')
10 SYSTEMPATH\Common.php(971): service('session')
11 SYSTEMPATH\CodeIgniter.php(1062): session()
12 SYSTEMPATH\CodeIgniter.php(542): CodeIgniter\CodeIgniter->storePreviousURL(Object(CodeIgniter\HTTP\SiteURI))
13 SYSTEMPATH\CodeIgniter.php(355): CodeIgniter\CodeIgniter->handleRequest(null, Object(Config\Cache), false)
14 SYSTEMPATH\Boot.php(325): CodeIgniter\CodeIgniter->run()
15 SYSTEMPATH\Boot.php(67): CodeIgniter\Boot::runCodeIgniter(Object(CodeIgniter\CodeIgniter))
16 FCPATH\index.php(56): CodeIgniter\Boot::bootWeb(Object(Config\Paths))
CRITICAL - 2024-12-03 18:36:26 --> ErrorException: ini_set(): Session ini settings cannot be changed when a session is active
[Method: GET, Route: iniciarSesion]
in SYSTEMPATH\Session\Handlers\FileHandler.php on line 74.
 1 [internal function]: CodeIgniter\Debug\Exceptions->errorHandler(2, 'ini_set(): Session ini settings cannot be changed when a session is active', 'C:\\xampp\\htdocs\\proyecto_gonzalez_ariel\\system\\Session\\Handlers\\FileHandler.php', 74)
 2 SYSTEMPATH\Session\Handlers\FileHandler.php(74): ini_set('session.save_path', 'C:\\xampp\\htdocs\\proyecto_gonzalez_ariel\\writable\\session')
 3 SYSTEMPATH\Config\Services.php(697): CodeIgniter\Session\Handlers\FileHandler->__construct(Object(Config\Session), '::1')
 4 SYSTEMPATH\Config\BaseService.php(312): CodeIgniter\Config\Services::session(Object(Config\Session), false)
 5 SYSTEMPATH\Config\BaseService.php(251): CodeIgniter\Config\BaseService::__callStatic('session', [...])
 6 SYSTEMPATH\Config\Services.php(668): CodeIgniter\Config\BaseService::getSharedInstance('session', null)
 7 SYSTEMPATH\Config\BaseService.php(321): CodeIgniter\Config\Services::session()
 8 SYSTEMPATH\Config\BaseService.php(202): CodeIgniter\Config\BaseService::__callStatic('session', [])
 9 SYSTEMPATH\Common.php(998): CodeIgniter\Config\BaseService::get('session')
10 SYSTEMPATH\Common.php(971): service('session')
11 SYSTEMPATH\CodeIgniter.php(1062): session()
12 SYSTEMPATH\CodeIgniter.php(542): CodeIgniter\CodeIgniter->storePreviousURL(Object(CodeIgniter\HTTP\SiteURI))
13 SYSTEMPATH\CodeIgniter.php(355): CodeIgniter\CodeIgniter->handleRequest(null, Object(Config\Cache), false)
14 SYSTEMPATH\Boot.php(325): CodeIgniter\CodeIgniter->run()
15 SYSTEMPATH\Boot.php(67): CodeIgniter\Boot::runCodeIgniter(Object(CodeIgniter\CodeIgniter))
16 FCPATH\index.php(56): CodeIgniter\Boot::bootWeb(Object(Config\Paths))
CRITICAL - 2024-12-03 19:18:09 --> ParseError: syntax error, unexpected single-quoted string "iniciarSesion"
[Method: GET, Route: iniciarSesion]
in APPPATH\Config\Routes.php on line 18.
 1 SYSTEMPATH\CodeIgniter.php(823): CodeIgniter\Router\RouteCollection->loadRoutes()
 2 SYSTEMPATH\CodeIgniter.php(457): CodeIgniter\CodeIgniter->tryToRouteIt(null)
 3 SYSTEMPATH\CodeIgniter.php(355): CodeIgniter\CodeIgniter->handleRequest(null, Object(Config\Cache), false)
 4 SYSTEMPATH\Boot.php(325): CodeIgniter\CodeIgniter->run()
 5 SYSTEMPATH\Boot.php(67): CodeIgniter\Boot::runCodeIgniter(Object(CodeIgniter\CodeIgniter))
 6 FCPATH\index.php(56): CodeIgniter\Boot::bootWeb(Object(Config\Paths))
CRITICAL - 2024-12-03 19:18:12 --> ParseError: syntax error, unexpected single-quoted string "iniciarSesion"
[Method: GET, Route: /]
in APPPATH\Config\Routes.php on line 18.
 1 SYSTEMPATH\CodeIgniter.php(823): CodeIgniter\Router\RouteCollection->loadRoutes()
 2 SYSTEMPATH\CodeIgniter.php(457): CodeIgniter\CodeIgniter->tryToRouteIt(null)
 3 SYSTEMPATH\CodeIgniter.php(355): CodeIgniter\CodeIgniter->handleRequest(null, Object(Config\Cache), false)
 4 SYSTEMPATH\Boot.php(325): CodeIgniter\CodeIgniter->run()
 5 SYSTEMPATH\Boot.php(67): CodeIgniter\Boot::runCodeIgniter(Object(CodeIgniter\CodeIgniter))
 6 FCPATH\index.php(56): CodeIgniter\Boot::bootWeb(Object(Config\Paths))
CRITICAL - 2024-12-03 19:21:57 --> ErrorException: Undefined array key "password"
[Method: POST, Route: verificarUsuario]
in APPPATH\Controllers\sesionController.php on line 24.
 1 APPPATH\Controllers\sesionController.php(24): CodeIgniter\Debug\Exceptions->errorHandler(2, 'Undefined array key "password"', 'C:\\xampp\\htdocs\\proyecto_gonzalez_ariel\\app\\Controllers\\sesionController.php', 24)
 2 APPPATH\Controllers\sesionController.php(32): verificarUsuario(Object(mysqli), 'marcosgonzz00@gmail.com', 'usuMarcos2324')
 3 SYSTEMPATH\Autoloader\Autoloader.php(317): include_once('C:\\xampp\\htdocs\\proyecto_gonzalez_ariel\\app\\Controllers\\sesionController.php')
 4 SYSTEMPATH\Autoloader\Autoloader.php(296): CodeIgniter\Autoloader\Autoloader->includeFile('C:\\xampp\\htdocs\\proyecto_gonzalez_ariel\\app\\Controllers\\sesionController.php')
 5 SYSTEMPATH\Autoloader\Autoloader.php(272): CodeIgniter\Autoloader\Autoloader->loadInNamespace('App\\Controllers\\sesionController')
 6 [internal function]: CodeIgniter\Autoloader\Autoloader->loadClass('App\\Controllers\\sesionController')
 7 SYSTEMPATH\CodeIgniter.php(887): class_exists('\\App\\Controllers\\sesionController', true)
 8 SYSTEMPATH\CodeIgniter.php(496): CodeIgniter\CodeIgniter->startController()
 9 SYSTEMPATH\CodeIgniter.php(355): CodeIgniter\CodeIgniter->handleRequest(null, Object(Config\Cache), false)
10 SYSTEMPATH\Boot.php(325): CodeIgniter\CodeIgniter->run()
11 SYSTEMPATH\Boot.php(67): CodeIgniter\Boot::runCodeIgniter(Object(CodeIgniter\CodeIgniter))
12 FCPATH\index.php(56): CodeIgniter\Boot::bootWeb(Object(Config\Paths))
CRITICAL - 2024-12-03 19:30:43 --> ErrorException: Undefined array key "password"
[Method: POST, Route: verificarUsuario]
in APPPATH\Controllers\sesionController.php on line 31.
 1 APPPATH\Controllers\sesionController.php(31): CodeIgniter\Debug\Exceptions->errorHandler(2, 'Undefined array key "password"', 'C:\\xampp\\htdocs\\proyecto_gonzalez_ariel\\app\\Controllers\\sesionController.php', 31)
 2 APPPATH\Controllers\sesionController.php(39): verificarUsuario(Object(mysqli), 'marcosgonzz00@gmail.com', 'usuMarcos2324')
 3 SYSTEMPATH\Autoloader\Autoloader.php(317): include_once('C:\\xampp\\htdocs\\proyecto_gonzalez_ariel\\app\\Controllers\\sesionController.php')
 4 SYSTEMPATH\Autoloader\Autoloader.php(296): CodeIgniter\Autoloader\Autoloader->includeFile('C:\\xampp\\htdocs\\proyecto_gonzalez_ariel\\app\\Controllers\\sesionController.php')
 5 SYSTEMPATH\Autoloader\Autoloader.php(272): CodeIgniter\Autoloader\Autoloader->loadInNamespace('App\\Controllers\\sesionController')
 6 [internal function]: CodeIgniter\Autoloader\Autoloader->loadClass('App\\Controllers\\sesionController')
 7 SYSTEMPATH\CodeIgniter.php(887): class_exists('\\App\\Controllers\\sesionController', true)
 8 SYSTEMPATH\CodeIgniter.php(496): CodeIgniter\CodeIgniter->startController()
 9 SYSTEMPATH\CodeIgniter.php(355): CodeIgniter\CodeIgniter->handleRequest(null, Object(Config\Cache), false)
10 SYSTEMPATH\Boot.php(325): CodeIgniter\CodeIgniter->run()
11 SYSTEMPATH\Boot.php(67): CodeIgniter\Boot::runCodeIgniter(Object(CodeIgniter\CodeIgniter))
12 FCPATH\index.php(56): CodeIgniter\Boot::bootWeb(Object(Config\Paths))
CRITICAL - 2024-12-03 19:32:44 --> Error: Call to undefined function verificarUsuario()
[Method: POST, Route: verificarUsuario]
in APPPATH\Controllers\sesionController.php on line 10.
 1 SYSTEMPATH\Autoloader\Autoloader.php(317): include_once()
 2 SYSTEMPATH\Autoloader\Autoloader.php(296): CodeIgniter\Autoloader\Autoloader->includeFile('C:\\xampp\\htdocs\\proyecto_gonzalez_ariel\\app\\Controllers\\sesionController.php')
 3 SYSTEMPATH\Autoloader\Autoloader.php(272): CodeIgniter\Autoloader\Autoloader->loadInNamespace('App\\Controllers\\sesionController')
 4 [internal function]: CodeIgniter\Autoloader\Autoloader->loadClass('App\\Controllers\\sesionController')
 5 SYSTEMPATH\CodeIgniter.php(887): class_exists('\\App\\Controllers\\sesionController', true)
 6 SYSTEMPATH\CodeIgniter.php(496): CodeIgniter\CodeIgniter->startController()
 7 SYSTEMPATH\CodeIgniter.php(355): CodeIgniter\CodeIgniter->handleRequest(null, Object(Config\Cache), false)
 8 SYSTEMPATH\Boot.php(325): CodeIgniter\CodeIgniter->run()
 9 SYSTEMPATH\Boot.php(67): CodeIgniter\Boot::runCodeIgniter(Object(CodeIgniter\CodeIgniter))
10 FCPATH\index.php(56): CodeIgniter\Boot::bootWeb(Object(Config\Paths))
CRITICAL - 2024-12-03 19:33:12 --> ErrorException: Undefined array key "password"
[Method: POST, Route: verificarUsuario]
in APPPATH\Controllers\sesionController.php on line 31.
 1 APPPATH\Controllers\sesionController.php(31): CodeIgniter\Debug\Exceptions->errorHandler(2, 'Undefined array key "password"', 'C:\\xampp\\htdocs\\proyecto_gonzalez_ariel\\app\\Controllers\\sesionController.php', 31)
 2 APPPATH\Controllers\sesionController.php(39): verificarUsuario(Object(mysqli), 'marcosgonzz00@gmail.com', 'usuMarcos2324')
 3 SYSTEMPATH\Autoloader\Autoloader.php(317): include_once('C:\\xampp\\htdocs\\proyecto_gonzalez_ariel\\app\\Controllers\\sesionController.php')
 4 SYSTEMPATH\Autoloader\Autoloader.php(296): CodeIgniter\Autoloader\Autoloader->includeFile('C:\\xampp\\htdocs\\proyecto_gonzalez_ariel\\app\\Controllers\\sesionController.php')
 5 SYSTEMPATH\Autoloader\Autoloader.php(272): CodeIgniter\Autoloader\Autoloader->loadInNamespace('App\\Controllers\\sesionController')
 6 [internal function]: CodeIgniter\Autoloader\Autoloader->loadClass('App\\Controllers\\sesionController')
 7 SYSTEMPATH\CodeIgniter.php(887): class_exists('\\App\\Controllers\\sesionController', true)
 8 SYSTEMPATH\CodeIgniter.php(496): CodeIgniter\CodeIgniter->startController()
 9 SYSTEMPATH\CodeIgniter.php(355): CodeIgniter\CodeIgniter->handleRequest(null, Object(Config\Cache), false)
10 SYSTEMPATH\Boot.php(325): CodeIgniter\CodeIgniter->run()
11 SYSTEMPATH\Boot.php(67): CodeIgniter\Boot::runCodeIgniter(Object(CodeIgniter\CodeIgniter))
12 FCPATH\index.php(56): CodeIgniter\Boot::bootWeb(Object(Config\Paths))
CRITICAL - 2024-12-03 19:42:26 --> ErrorException: Undefined array key "password"
[Method: POST, Route: verificarUsuario]
in APPPATH\Controllers\sesionController.php on line 32.
 1 APPPATH\Controllers\sesionController.php(32): CodeIgniter\Debug\Exceptions->errorHandler(2, 'Undefined array key "password"', 'C:\\xampp\\htdocs\\proyecto_gonzalez_ariel\\app\\Controllers\\sesionController.php', 32)
 2 APPPATH\Controllers\sesionController.php(40): verificarUsuario(Object(mysqli), 'marcosgonzz00@gmail.com', 'usuMarcos2324')
 3 SYSTEMPATH\Autoloader\Autoloader.php(317): include_once('C:\\xampp\\htdocs\\proyecto_gonzalez_ariel\\app\\Controllers\\sesionController.php')
 4 SYSTEMPATH\Autoloader\Autoloader.php(296): CodeIgniter\Autoloader\Autoloader->includeFile('C:\\xampp\\htdocs\\proyecto_gonzalez_ariel\\app\\Controllers\\sesionController.php')
 5 SYSTEMPATH\Autoloader\Autoloader.php(272): CodeIgniter\Autoloader\Autoloader->loadInNamespace('App\\Controllers\\sesionController')
 6 [internal function]: CodeIgniter\Autoloader\Autoloader->loadClass('App\\Controllers\\sesionController')
 7 SYSTEMPATH\CodeIgniter.php(887): class_exists('\\App\\Controllers\\sesionController', true)
 8 SYSTEMPATH\CodeIgniter.php(496): CodeIgniter\CodeIgniter->startController()
 9 SYSTEMPATH\CodeIgniter.php(355): CodeIgniter\CodeIgniter->handleRequest(null, Object(Config\Cache), false)
10 SYSTEMPATH\Boot.php(325): CodeIgniter\CodeIgniter->run()
11 SYSTEMPATH\Boot.php(67): CodeIgniter\Boot::runCodeIgniter(Object(CodeIgniter\CodeIgniter))
12 FCPATH\index.php(56): CodeIgniter\Boot::bootWeb(Object(Config\Paths))
