INFO - 2024-12-18 14:58:10 --> Session: Class initialized using 'CodeIgniter\Session\Handlers\FileHandler' driver.
INFO - 2024-12-18 14:58:11 --> Session: Class initialized using 'CodeIgniter\Session\Handlers\FileHandler' driver.
INFO - 2024-12-18 14:58:19 --> Session: Class initialized using 'CodeIgniter\Session\Handlers\FileHandler' driver.
INFO - 2024-12-18 14:58:19 --> Session: Class initialized using 'CodeIgniter\Session\Handlers\FileHandler' driver.
INFO - 2024-12-18 14:58:28 --> Session: Class initialized using 'CodeIgniter\Session\Handlers\FileHandler' driver.
ERROR - 2024-12-18 14:58:38 --> mysqli_sql_exception: Unknown column 'estado' in 'field list' in C:\xampp\htdocs\proyecto_gonzalez_ariel\system\Database\MySQLi\Connection.php:312
Stack trace:
#0 C:\xampp\htdocs\proyecto_gonzalez_ariel\system\Database\MySQLi\Connection.php(312): mysqli->query('INSERT INTO `Us...', 0)
#1 C:\xampp\htdocs\proyecto_gonzalez_ariel\system\Database\BaseConnection.php(734): CodeIgniter\Database\MySQLi\Connection->execute('INSERT INTO `Us...')
#2 C:\xampp\htdocs\proyecto_gonzalez_ariel\system\Database\BaseConnection.php(648): CodeIgniter\Database\BaseConnection->simpleQuery('INSERT INTO `Us...')
#3 C:\xampp\htdocs\proyecto_gonzalez_ariel\system\Database\BaseBuilder.php(2340): CodeIgniter\Database\BaseConnection->query('INSERT INTO `Us...', Array, false)
#4 C:\xampp\htdocs\proyecto_gonzalez_ariel\system\Model.php(394): CodeIgniter\Database\BaseBuilder->insert()
#5 C:\xampp\htdocs\proyecto_gonzalez_ariel\system\BaseModel.php(840): CodeIgniter\Model->doInsert(Array)
#6 C:\xampp\htdocs\proyecto_gonzalez_ariel\system\Model.php(802): CodeIgniter\BaseModel->insert(Array, true)
#7 C:\xampp\htdocs\proyecto_gonzalez_ariel\app\Controllers\sesionController.php(58): CodeIgniter\Model->insert(Array)
#8 C:\xampp\htdocs\proyecto_gonzalez_ariel\system\CodeIgniter.php(933): App\Controllers\sesionController->registrarUsuario()
#9 C:\xampp\htdocs\proyecto_gonzalez_ariel\system\CodeIgniter.php(509): CodeIgniter\CodeIgniter->runController(Object(App\Controllers\sesionController))
#10 C:\xampp\htdocs\proyecto_gonzalez_ariel\system\CodeIgniter.php(355): CodeIgniter\CodeIgniter->handleRequest(NULL, Object(Config\Cache), false)
#11 C:\xampp\htdocs\proyecto_gonzalez_ariel\system\Boot.php(325): CodeIgniter\CodeIgniter->run()
#12 C:\xampp\htdocs\proyecto_gonzalez_ariel\system\Boot.php(67): CodeIgniter\Boot::runCodeIgniter(Object(CodeIgniter\CodeIgniter))
#13 C:\xampp\htdocs\proyecto_gonzalez_ariel\index.php(56): CodeIgniter\Boot::bootWeb(Object(Config\Paths))
#14 {main}
CRITICAL - 2024-12-18 14:58:38 --> CodeIgniter\Database\Exceptions\DatabaseException: Unknown column 'estado' in 'field list'
[Method: POST, Route: registrarse]
in SYSTEMPATH\Database\BaseConnection.php on line 688.
 1 SYSTEMPATH\Database\BaseBuilder.php(2340): CodeIgniter\Database\BaseConnection->query('INSERT INTO `Usuario` (`nombre`, `apellido`, `correoElectronico`, `nroTelefono`, `contrasenia`, `idRol`, `estado`) VALUES (:nombre:, :apellido:, :correoElectronico.1:, :nroTelefono:, :contrasenia:, :idRol:, :estado:)', [...], false)
 2 SYSTEMPATH\Model.php(394): CodeIgniter\Database\BaseBuilder->insert()
 3 SYSTEMPATH\BaseModel.php(840): CodeIgniter\Model->doInsert([...])
 4 SYSTEMPATH\Model.php(802): CodeIgniter\BaseModel->insert([...], true)
 5 APPPATH\Controllers\sesionController.php(58): CodeIgniter\Model->insert([...])
 6 SYSTEMPATH\CodeIgniter.php(933): App\Controllers\sesionController->registrarUsuario()
 7 SYSTEMPATH\CodeIgniter.php(509): CodeIgniter\CodeIgniter->runController(Object(App\Controllers\sesionController))
 8 SYSTEMPATH\CodeIgniter.php(355): CodeIgniter\CodeIgniter->handleRequest(null, Object(Config\Cache), false)
 9 SYSTEMPATH\Boot.php(325): CodeIgniter\CodeIgniter->run()
10 SYSTEMPATH\Boot.php(67): CodeIgniter\Boot::runCodeIgniter(Object(CodeIgniter\CodeIgniter))
11 FCPATH\index.php(56): CodeIgniter\Boot::bootWeb(Object(Config\Paths))
CRITICAL - 2024-12-18 14:58:38 --> [Caused by] CodeIgniter\Database\Exceptions\DatabaseException: Unknown column 'estado' in 'field list'
in SYSTEMPATH\Database\MySQLi\Connection.php on line 317.
 1 SYSTEMPATH\Database\BaseConnection.php(734): CodeIgniter\Database\MySQLi\Connection->execute('INSERT INTO `Usuario` (`nombre`, `apellido`, `correoElectronico`, `nroTelefono`, `contrasenia`, `idRol`, `estado`) VALUES (\'Ariel\', \'Gonzalez\', \'arielgonzalezr9@gmail.com\', \'03794650573\', \'arielGonzalezr9\', 2, 1)')
 2 SYSTEMPATH\Database\BaseConnection.php(648): CodeIgniter\Database\BaseConnection->simpleQuery('INSERT INTO `Usuario` (`nombre`, `apellido`, `correoElectronico`, `nroTelefono`, `contrasenia`, `idRol`, `estado`) VALUES (\'Ariel\', \'Gonzalez\', \'arielgonzalezr9@gmail.com\', \'03794650573\', \'arielGonzalezr9\', 2, 1)')
 3 SYSTEMPATH\Database\BaseBuilder.php(2340): CodeIgniter\Database\BaseConnection->query('INSERT INTO `Usuario` (`nombre`, `apellido`, `correoElectronico`, `nroTelefono`, `contrasenia`, `idRol`, `estado`) VALUES (:nombre:, :apellido:, :correoElectronico.1:, :nroTelefono:, :contrasenia:, :idRol:, :estado:)', [...], false)
 4 SYSTEMPATH\Model.php(394): CodeIgniter\Database\BaseBuilder->insert()
 5 SYSTEMPATH\BaseModel.php(840): CodeIgniter\Model->doInsert([...])
 6 SYSTEMPATH\Model.php(802): CodeIgniter\BaseModel->insert([...], true)
 7 APPPATH\Controllers\sesionController.php(58): CodeIgniter\Model->insert([...])
 8 SYSTEMPATH\CodeIgniter.php(933): App\Controllers\sesionController->registrarUsuario()
 9 SYSTEMPATH\CodeIgniter.php(509): CodeIgniter\CodeIgniter->runController(Object(App\Controllers\sesionController))
10 SYSTEMPATH\CodeIgniter.php(355): CodeIgniter\CodeIgniter->handleRequest(null, Object(Config\Cache), false)
11 SYSTEMPATH\Boot.php(325): CodeIgniter\CodeIgniter->run()
12 SYSTEMPATH\Boot.php(67): CodeIgniter\Boot::runCodeIgniter(Object(CodeIgniter\CodeIgniter))
13 FCPATH\index.php(56): CodeIgniter\Boot::bootWeb(Object(Config\Paths))
CRITICAL - 2024-12-18 14:58:38 --> [Caused by] mysqli_sql_exception: Unknown column 'estado' in 'field list'
in SYSTEMPATH\Database\MySQLi\Connection.php on line 312.
 1 SYSTEMPATH\Database\MySQLi\Connection.php(312): mysqli->query('INSERT INTO `Usuario` (`nombre`, `apellido`, `correoElectronico`, `nroTelefono`, `contrasenia`, `idRol`, `estado`) VALUES (\'Ariel\', \'Gonzalez\', \'arielgonzalezr9@gmail.com\', \'03794650573\', \'arielGonzalezr9\', 2, 1)', 0)
 2 SYSTEMPATH\Database\BaseConnection.php(734): CodeIgniter\Database\MySQLi\Connection->execute('INSERT INTO `Usuario` (`nombre`, `apellido`, `correoElectronico`, `nroTelefono`, `contrasenia`, `idRol`, `estado`) VALUES (\'Ariel\', \'Gonzalez\', \'arielgonzalezr9@gmail.com\', \'03794650573\', \'arielGonzalezr9\', 2, 1)')
 3 SYSTEMPATH\Database\BaseConnection.php(648): CodeIgniter\Database\BaseConnection->simpleQuery('INSERT INTO `Usuario` (`nombre`, `apellido`, `correoElectronico`, `nroTelefono`, `contrasenia`, `idRol`, `estado`) VALUES (\'Ariel\', \'Gonzalez\', \'arielgonzalezr9@gmail.com\', \'03794650573\', \'arielGonzalezr9\', 2, 1)')
 4 SYSTEMPATH\Database\BaseBuilder.php(2340): CodeIgniter\Database\BaseConnection->query('INSERT INTO `Usuario` (`nombre`, `apellido`, `correoElectronico`, `nroTelefono`, `contrasenia`, `idRol`, `estado`) VALUES (:nombre:, :apellido:, :correoElectronico.1:, :nroTelefono:, :contrasenia:, :idRol:, :estado:)', [...], false)
 5 SYSTEMPATH\Model.php(394): CodeIgniter\Database\BaseBuilder->insert()
 6 SYSTEMPATH\BaseModel.php(840): CodeIgniter\Model->doInsert([...])
 7 SYSTEMPATH\Model.php(802): CodeIgniter\BaseModel->insert([...], true)
 8 APPPATH\Controllers\sesionController.php(58): CodeIgniter\Model->insert([...])
 9 SYSTEMPATH\CodeIgniter.php(933): App\Controllers\sesionController->registrarUsuario()
10 SYSTEMPATH\CodeIgniter.php(509): CodeIgniter\CodeIgniter->runController(Object(App\Controllers\sesionController))
11 SYSTEMPATH\CodeIgniter.php(355): CodeIgniter\CodeIgniter->handleRequest(null, Object(Config\Cache), false)
12 SYSTEMPATH\Boot.php(325): CodeIgniter\CodeIgniter->run()
13 SYSTEMPATH\Boot.php(67): CodeIgniter\Boot::runCodeIgniter(Object(CodeIgniter\CodeIgniter))
14 FCPATH\index.php(56): CodeIgniter\Boot::bootWeb(Object(Config\Paths))
INFO - 2024-12-18 19:37:17 --> Session: Class initialized using 'CodeIgniter\Session\Handlers\FileHandler' driver.
