CRITICAL - 2024-12-05 23:56:37 --> Error: Class "App\Models\UsuarioModel" not found
[Method: POST, Route: sesionController]
in APPPATH\Controllers\sesionController.php on line 33.
 1 SYSTEMPATH\CodeIgniter.php(933): App\Controllers\SesionController->verificarUsuario()
 2 SYSTEMPATH\CodeIgniter.php(509): CodeIgniter\CodeIgniter->runController(Object(App\Controllers\SesionController))
 3 SYSTEMPATH\CodeIgniter.php(355): CodeIgniter\CodeIgniter->handleRequest(null, Object(Config\Cache), false)
 4 SYSTEMPATH\Boot.php(325): CodeIgniter\CodeIgniter->run()
 5 SYSTEMPATH\Boot.php(67): CodeIgniter\Boot::runCodeIgniter(Object(CodeIgniter\CodeIgniter))
 6 FCPATH\index.php(56): CodeIgniter\Boot::bootWeb(Object(Config\Paths))
ERROR - 2024-12-05 23:58:54 --> Error connecting to the database: mysqli_sql_exception: Access denied for user ''@'localhost' (using password: NO) in C:\xampp\htdocs\proyecto_gonzalez_ariel\system\Database\MySQLi\Connection.php:186
Stack trace:
#0 C:\xampp\htdocs\proyecto_gonzalez_ariel\system\Database\MySQLi\Connection.php(186): mysqli->real_connect('localhost', '', Object(SensitiveParameterValue), '', 3306, '', 0)
#1 C:\xampp\htdocs\proyecto_gonzalez_ariel\system\Database\BaseConnection.php(421): CodeIgniter\Database\MySQLi\Connection->connect(false)
#2 C:\xampp\htdocs\proyecto_gonzalez_ariel\system\Database\BaseConnection.php(616): CodeIgniter\Database\BaseConnection->initialize()
#3 C:\xampp\htdocs\proyecto_gonzalez_ariel\system\Database\BaseBuilder.php(1644): CodeIgniter\Database\BaseConnection->query('SELECT *\nFROM `...', Array, false)
#4 C:\xampp\htdocs\proyecto_gonzalez_ariel\system\Model.php(330): CodeIgniter\Database\BaseBuilder->get()
#5 C:\xampp\htdocs\proyecto_gonzalez_ariel\system\BaseModel.php(714): CodeIgniter\Model->doFirst()
#6 C:\xampp\htdocs\proyecto_gonzalez_ariel\app\Models\UsuarioModel.php(15): CodeIgniter\BaseModel->first()
#7 C:\xampp\htdocs\proyecto_gonzalez_ariel\app\Controllers\sesionController.php(36): App\Models\UsuarioModel->verificarUsuario('marcosgonzz00@g...')
#8 C:\xampp\htdocs\proyecto_gonzalez_ariel\system\CodeIgniter.php(933): App\Controllers\SesionController->verificarUsuario()
#9 C:\xampp\htdocs\proyecto_gonzalez_ariel\system\CodeIgniter.php(509): CodeIgniter\CodeIgniter->runController(Object(App\Controllers\SesionController))
#10 C:\xampp\htdocs\proyecto_gonzalez_ariel\system\CodeIgniter.php(355): CodeIgniter\CodeIgniter->handleRequest(NULL, Object(Config\Cache), false)
#11 C:\xampp\htdocs\proyecto_gonzalez_ariel\system\Boot.php(325): CodeIgniter\CodeIgniter->run()
#12 C:\xampp\htdocs\proyecto_gonzalez_ariel\system\Boot.php(67): CodeIgniter\Boot::runCodeIgniter(Object(CodeIgniter\CodeIgniter))
#13 C:\xampp\htdocs\proyecto_gonzalez_ariel\index.php(56): CodeIgniter\Boot::bootWeb(Object(Config\Paths))
#14 {main}

Next CodeIgniter\Database\Exceptions\DatabaseException: Access denied for user ''@'localhost' (using password: NO) in C:\xampp\htdocs\proyecto_gonzalez_ariel\system\Database\MySQLi\Connection.php:231
Stack trace:
#0 C:\xampp\htdocs\proyecto_gonzalez_ariel\system\Database\BaseConnection.php(421): CodeIgniter\Database\MySQLi\Connection->connect(false)
#1 C:\xampp\htdocs\proyecto_gonzalez_ariel\system\Database\BaseConnection.php(616): CodeIgniter\Database\BaseConnection->initialize()
#2 C:\xampp\htdocs\proyecto_gonzalez_ariel\system\Database\BaseBuilder.php(1644): CodeIgniter\Database\BaseConnection->query('SELECT *\nFROM `...', Array, false)
#3 C:\xampp\htdocs\proyecto_gonzalez_ariel\system\Model.php(330): CodeIgniter\Database\BaseBuilder->get()
#4 C:\xampp\htdocs\proyecto_gonzalez_ariel\system\BaseModel.php(714): CodeIgniter\Model->doFirst()
#5 C:\xampp\htdocs\proyecto_gonzalez_ariel\app\Models\UsuarioModel.php(15): CodeIgniter\BaseModel->first()
#6 C:\xampp\htdocs\proyecto_gonzalez_ariel\app\Controllers\sesionController.php(36): App\Models\UsuarioModel->verificarUsuario('marcosgonzz00@g...')
#7 C:\xampp\htdocs\proyecto_gonzalez_ariel\system\CodeIgniter.php(933): App\Controllers\SesionController->verificarUsuario()
#8 C:\xampp\htdocs\proyecto_gonzalez_ariel\system\CodeIgniter.php(509): CodeIgniter\CodeIgniter->runController(Object(App\Controllers\SesionController))
#9 C:\xampp\htdocs\proyecto_gonzalez_ariel\system\CodeIgniter.php(355): CodeIgniter\CodeIgniter->handleRequest(NULL, Object(Config\Cache), false)
#10 C:\xampp\htdocs\proyecto_gonzalez_ariel\system\Boot.php(325): CodeIgniter\CodeIgniter->run()
#11 C:\xampp\htdocs\proyecto_gonzalez_ariel\system\Boot.php(67): CodeIgniter\Boot::runCodeIgniter(Object(CodeIgniter\CodeIgniter))
#12 C:\xampp\htdocs\proyecto_gonzalez_ariel\index.php(56): CodeIgniter\Boot::bootWeb(Object(Config\Paths))
#13 {main}
CRITICAL - 2024-12-05 23:58:54 --> CodeIgniter\Database\Exceptions\DatabaseException: Unable to connect to the database.
Main connection [MySQLi]: Access denied for user ''@'localhost' (using password: NO)
[Method: POST, Route: sesionController]
in SYSTEMPATH\Database\BaseConnection.php on line 467.
 1 SYSTEMPATH\Database\BaseConnection.php(616): CodeIgniter\Database\BaseConnection->initialize()
 2 SYSTEMPATH\Database\BaseBuilder.php(1644): CodeIgniter\Database\BaseConnection->query('SELECT *
FROM `usuario`
WHERE `correoElectronico` = :correoElectronico:
 LIMIT 1', [...], false)
 3 SYSTEMPATH\Model.php(330): CodeIgniter\Database\BaseBuilder->get()
 4 SYSTEMPATH\BaseModel.php(714): CodeIgniter\Model->doFirst()
 5 APPPATH\Models\UsuarioModel.php(15): CodeIgniter\BaseModel->first()
 6 APPPATH\Controllers\sesionController.php(36): App\Models\UsuarioModel->verificarUsuario('marcosgonzz00@gmail.com')
 7 SYSTEMPATH\CodeIgniter.php(933): App\Controllers\SesionController->verificarUsuario()
 8 SYSTEMPATH\CodeIgniter.php(509): CodeIgniter\CodeIgniter->runController(Object(App\Controllers\SesionController))
 9 SYSTEMPATH\CodeIgniter.php(355): CodeIgniter\CodeIgniter->handleRequest(null, Object(Config\Cache), false)
10 SYSTEMPATH\Boot.php(325): CodeIgniter\CodeIgniter->run()
11 SYSTEMPATH\Boot.php(67): CodeIgniter\Boot::runCodeIgniter(Object(CodeIgniter\CodeIgniter))
12 FCPATH\index.php(56): CodeIgniter\Boot::bootWeb(Object(Config\Paths))
